0 - Tue Nov 22 10:36:48 2022 - Data file opened.
1 - Tue Nov 22 10:36:48 2022 - Data inserted.
2 - Tue Nov 22 10:36:48 2022 - Data inserted.
3 - Tue Nov 22 10:36:48 2022 - Data inserted.
4 - Tue Nov 22 10:36:48 2022 - Data inserted.
5 - Tue Nov 22 10:36:48 2022 - Data file closed.
0 - Sat Nov 11 13:01:06 2023 - Data file opened.
1 - Sat Nov 11 13:01:07 2023 - Data inserted.
2 - Sat Nov 11 13:01:07 2023 - Data inserted.
3 - Sat Nov 11 13:01:07 2023 - Data inserted.
0 - Sat Nov 11 13:01:29 2023 - Data file opened.
1 - Sat Nov 11 13:01:30 2023 - Data inserted.
2 - Sat Nov 11 13:01:30 2023 - Data inserted.
3 - Sat Nov 11 13:01:30 2023 - Data inserted.
4 - Sat Nov 11 13:01:35 2023 - Data inserted.
5 - Sat Nov 11 13:01:35 2023 - Data file closed.
0 - Sat Nov 11 13:02:15 2023 - Data file opened.
1 - Sat Nov 11 13:02:16 2023 - Data inserted.
2 - Sat Nov 11 13:02:16 2023 - Data inserted.
3 - Sat Nov 11 13:02:16 2023 - Data inserted.
4 - Sat Nov 11 13:02:21 2023 - Data inserted.
5 - Sat Nov 11 13:02:21 2023 - Data file closed.
0 - Sat Nov 11 13:29:55 2023 - Data file opened.
1 - Sat Nov 11 13:29:56 2023 - Data inserted.
2 - Sat Nov 11 13:29:56 2023 - Data inserted.
3 - Sat Nov 11 13:29:56 2023 - Data inserted.
4 - Sat Nov 11 13:30:01 2023 - Data inserted.
5 - Sat Nov 11 13:30:01 2023 - Data file closed.
